<?xml version="1.0" encoding="UTF-8"?>
<testsuite name="FileManagerTest" tests="2" skipped="0" failures="0" errors="0" timestamp="2021-10-17T22:28:08" hostname="MacBook-Pro-de-Calebe.local" time="0.018">
  <properties/>
  <testcase name="openTimeFileTest()" classname="FileManagerTest" time="0.016"/>
  <testcase name="openMemoryFileTest()" classname="FileManagerTest" time="0.001"/>
  <system-out><![CDATA[]]></system-out>
  <system-err><![CDATA[]]></system-err>
</testsuite>
