<?xml version="1.0" encoding="UTF-8"?>
<<<<<<< HEAD
<testsuite name="FileManagerTest" tests="6" skipped="0" failures="0" errors="0" timestamp="2021-10-19T13:53:39" hostname="MacBook-Pro-de-Calebe.local" time="0.028">
  <properties/>
  <testcase name="readMemoryFileTest()" classname="FileManagerTest" time="0.019"/>
  <testcase name="readFileFailTest()" classname="FileManagerTest" time="0.003"/>
  <testcase name="readTimeFileTest()" classname="FileManagerTest" time="0.001"/>
  <testcase name="openFileFailTest()" classname="FileManagerTest" time="0.001"/>
  <testcase name="openTimeFileTest()" classname="FileManagerTest" time="0.0"/>
  <testcase name="openMemoryFileTest()" classname="FileManagerTest" time="0.0"/>
=======
<testsuite name="FileManagerTest" tests="7" skipped="0" failures="0" errors="0" timestamp="2021-10-17T23:40:49" hostname="MacBook-Pro-de-Calebe.local" time="0.059">
  <properties/>
  <testcase name="readMemoryFileTest()" classname="FileManagerTest" time="0.034"/>
  <testcase name="readFileFailTest()" classname="FileManagerTest" time="0.012"/>
  <testcase name="readTimeFileTest()" classname="FileManagerTest" time="0.005"/>
  <testcase name="openFileFailTest()" classname="FileManagerTest" time="0.001"/>
  <testcase name="openTimeFileTest()" classname="FileManagerTest" time="0.0"/>
  <testcase name="openMemoryFileTest()" classname="FileManagerTest" time="0.001"/>
  <testcase name="readNullFileFailTest()" classname="FileManagerTest" time="0.001"/>
>>>>>>> 13d1b3d (Creates logic to read files)
  <system-out><![CDATA[]]></system-out>
  <system-err><![CDATA[]]></system-err>
</testsuite>
